#-----------------------------------------------------------
# Vivado v2020.1 (64-bit)
# SW Build 2902540 on Wed May 27 19:54:49 MDT 2020
# IP Build 2902112 on Wed May 27 22:43:36 MDT 2020
# Start of session at: Tue Dec 10 22:00:48 2024
# Process ID: 8916
# Current directory: C:/Users/cjhma/Downloads/E21_Add_Sub_Unsig/E21_Add_Sub_Unsig/E21_Add_Sub_Unsig
# Command line: vivado.exe -gui_launcher_event rodinguilauncherevent10400 C:\Users\cjhma\Downloads\E21_Add_Sub_Unsig\E21_Add_Sub_Unsig\E21_Add_Sub_Unsig\E21_Add_Sub_Unsig.xpr
# Log file: C:/Users/cjhma/Downloads/E21_Add_Sub_Unsig/E21_Add_Sub_Unsig/E21_Add_Sub_Unsig/vivado.log
# Journal file: C:/Users/cjhma/Downloads/E21_Add_Sub_Unsig/E21_Add_Sub_Unsig/E21_Add_Sub_Unsig\vivado.jou
#-----------------------------------------------------------
start_gui
open_project C:/Users/cjhma/Downloads/E21_Add_Sub_Unsig/E21_Add_Sub_Unsig/E21_Add_Sub_Unsig/E21_Add_Sub_Unsig.xpr
INFO: [Project 1-313] Project file moved from 'D:/LABS_SOC_Octavo/E21_Add_Sub_Unsig/E21_Add_Sub_Unsig' since last save.
Scanning sources...
Finished scanning sources
INFO: [IP_Flow 19-234] Refreshing IP repositories
INFO: [IP_Flow 19-1704] No user IP repositories specified
INFO: [IP_Flow 19-2313] Loaded Vivado IP repository 'C:/Xilinx/Vivado/2020.1/data/ip'.
update_compile_order -fileset sources_1
