#-----------------------------------------------------------
# Vivado v2020.1 (64-bit)
# SW Build 2902540 on Wed May 27 19:54:49 MDT 2020
# IP Build 2902112 on Wed May 27 22:43:36 MDT 2020
# Start of session at: Tue Dec 10 22:04:16 2024
# Process ID: 8872
# Current directory: C:/Users/cjhma/Downloads/1 Y 2/ADDER32
# Command line: vivado.exe -gui_launcher_event rodinguilauncherevent16132 C:\Users\cjhma\Downloads\1 Y 2\ADDER32\ADDER32.xpr
# Log file: C:/Users/cjhma/Downloads/1 Y 2/ADDER32/vivado.log
# Journal file: C:/Users/cjhma/Downloads/1 Y 2/ADDER32\vivado.jou
#-----------------------------------------------------------
start_gui
open_project {C:/Users/cjhma/Downloads/1 Y 2/ADDER32/ADDER32.xpr}
INFO: [Project 1-313] Project file moved from 'C:/Users/cjhma/Documents/VHDLDESING/ADDER32' since last save.
Scanning sources...
Finished scanning sources
INFO: [IP_Flow 19-234] Refreshing IP repositories
INFO: [IP_Flow 19-1704] No user IP repositories specified
INFO: [IP_Flow 19-2313] Loaded Vivado IP repository 'C:/Xilinx/Vivado/2020.1/data/ip'.
open_project: Time (s): cpu = 00:00:10 ; elapsed = 00:00:07 . Memory (MB): peak = 1197.496 ; gain = 0.000
update_compile_order -fileset sources_1
exit
INFO: [Common 17-206] Exiting Vivado at Tue Dec 10 22:05:58 2024...
