#-----------------------------------------------------------
# Vivado v2020.1 (64-bit)
# SW Build 2902540 on Wed May 27 19:54:49 MDT 2020
# IP Build 2902112 on Wed May 27 22:43:36 MDT 2020
# Start of session at: Tue Dec 10 21:59:51 2024
# Process ID: 6092
# Current directory: C:/Users/cjhma/Downloads/Multiplicador_y_Acumulador/E21_multiplicador_divisor/multiplicador_divisor
# Command line: vivado.exe -gui_launcher_event rodinguilauncherevent2564 C:\Users\cjhma\Downloads\Multiplicador_y_Acumulador\E21_multiplicador_divisor\multiplicador_divisor\multiplicador_divisor.xpr
# Log file: C:/Users/cjhma/Downloads/Multiplicador_y_Acumulador/E21_multiplicador_divisor/multiplicador_divisor/vivado.log
# Journal file: C:/Users/cjhma/Downloads/Multiplicador_y_Acumulador/E21_multiplicador_divisor/multiplicador_divisor\vivado.jou
#-----------------------------------------------------------
start_gui
open_project -part xc7a12ticsg325-1L C:/Users/cjhma/Downloads/Multiplicador_y_Acumulador/E21_multiplicador_divisor/multiplicador_divisor/multiplicador_divisor.xpr
INFO: [ProjectBase 1-489] The host OS only allows 260 characters in a normal path. The project is stored in a path with more than 80 characters. If you experience issues with IP, Block Designs, or files not being found, please consider moving the project to a location with a shorter path. Alternately consider using the OS subst command to map part of the path to a drive letter.
Current project path is 'C:/Users/cjhma/Downloads/Multiplicador_y_Acumulador/E21_multiplicador_divisor/multiplicador_divisor'
INFO: [Project 1-313] Project file moved from 'C:/Users/DELL/Documents/Disenos/multiplicador_divisor/multiplicador_divisor' since last save.
Scanning sources...
Finished scanning sources
INFO: [Project 1-573] Overriding 'synth_1' run's part, 'xc7vx485tffg1157-1', with new part: 'xc7a12ticsg325-1L'.
INFO: [Project 1-573] Overriding 'impl_1' run's part, 'xc7vx485tffg1157-1', with new part: 'xc7a12ticsg325-1L'.
INFO: [Project 1-563] Overriding project part, 'xc7vx485tffg1157-1', with new part: 'xc7a12ticsg325-1L'.
INFO: [IP_Flow 19-234] Refreshing IP repositories
INFO: [IP_Flow 19-1704] No user IP repositories specified
INFO: [IP_Flow 19-2313] Loaded Vivado IP repository 'C:/Xilinx/Vivado/2020.1/data/ip'.
open_project: Time (s): cpu = 00:00:12 ; elapsed = 00:00:07 . Memory (MB): peak = 1210.441 ; gain = 0.000
update_compile_order -fileset sources_1
exit
INFO: [Common 17-206] Exiting Vivado at Tue Dec 10 22:00:37 2024...
