#-----------------------------------------------------------
# Vivado v2020.1 (64-bit)
# SW Build 2902540 on Wed May 27 19:54:49 MDT 2020
# IP Build 2902112 on Wed May 27 22:43:36 MDT 2020
# Start of session at: Tue Dec 10 22:05:18 2024
# Process ID: 15556
# Current directory: C:/Users/cjhma/Downloads/1 Y 2/ROM
# Command line: vivado.exe -gui_launcher_event rodinguilauncherevent14444 C:\Users\cjhma\Downloads\1 Y 2\ROM\ROM.xpr
# Log file: C:/Users/cjhma/Downloads/1 Y 2/ROM/vivado.log
# Journal file: C:/Users/cjhma/Downloads/1 Y 2/ROM\vivado.jou
#-----------------------------------------------------------
start_guoopen_project {C:/Users/cjhma/Downloads/1 Y 2/ROM/ROM.xpr}IINFO: [Project 1-313] Project file moved from 'C:/Users/cjhma/Documents/VHDLDESING/ROM' since last save.
Scanning sources...
Finished scanning sourcesIINFO: [IP_Flow 19-234] Refreshing IP repositories
INFO: [IP_Flow 19-1704] No user IP repositories specifiedIINFO: [IP_Flow 19-2313] Loaded Vivado IP repository 'C:/Xilinx/Vivado/2020.1/data/ip'.
open_project: Time (s): cpu = 00:00:21 ; elapsed = 00:00:18 . Memory (MB): peak = 1016.535 ; gain = 0.000
update_compile_order -fileset sources_1
exit
INFO: [Common 17-206] Exiting Vivado at Tue Dec 10 22:07:25 2024...
 has been returned to its previous state.
INFO: [Common 17-344] 'open_project' was cancelled
exit
INFO: [Common 17-206] Exiting Vivado at Tue Dec 10 22:06:21 2024...
